2026-02-16 08:30:13,965 - INFO - Loading data from C:\Prabakaran Intern\Weekly-Tasks\Data Engineering Core,Pandas & SQL\Pandas Analytics + Mini Data Pipeline\student-dataset.csv...
2026-02-16 08:30:13,999 - INFO - Loaded 307 rows.
2026-02-16 08:30:13,999 - INFO - Cleaning data...
2026-02-16 08:30:14,044 - INFO - Transforming data...
2026-02-16 08:30:14,058 - INFO - Calculating KPIs...
2026-02-16 08:30:14,058 - CRITICAL - Pipeline failed: 'pass_flag'
2026-02-16 08:31:42,345 - INFO - Loading data from C:\Prabakaran Intern\Weekly-Tasks\Data Engineering Core,Pandas & SQL\Pandas Analytics + Mini Data Pipeline\student-dataset.csv...
2026-02-16 08:31:42,355 - INFO - Loaded 307 rows.
2026-02-16 08:31:42,355 - INFO - Cleaning data...
2026-02-16 08:31:42,375 - INFO - Transforming data...
2026-02-16 08:31:42,388 - INFO - Calculating KPIs...
2026-02-16 08:31:42,402 - INFO - KPIs saved to output\kpis.json
2026-02-16 08:31:42,403 - INFO - Exporting 307 records to JSON...
2026-02-16 08:31:42,409 - INFO - Data exported to output\students_cleaned.json
2026-02-16 08:31:42,409 - INFO - Exporting data to MySQL...
2026-02-16 08:31:42,935 - INFO - Data successfully exported to MySQL 'students' table.
2026-02-16 08:31:42,935 - INFO - Validating final dataset...
2026-02-16 08:31:42,936 - INFO - Stage count: 307
2026-02-16 08:31:42,936 - INFO - No duplicate student_ids found.
2026-02-16 08:31:42,936 - INFO - Running SQL validation queries...
2026-02-16 08:31:42,938 - INFO - Executing Query 1: select count(*) as total_students from students...
2026-02-16 08:31:42,943 - INFO - Query 1 Result: [(307,)]
2026-02-16 08:31:42,943 - INFO - Executing Query 2: select avg(score_avg) as avg_score from students...
2026-02-16 08:31:42,946 - INFO - Query 2 Result: [(3.656758957654724,)]
2026-02-16 08:31:42,947 - INFO - Executing Query 3: select sum(pass_flag) / count(*) * 100 as pass_rat...
2026-02-16 08:31:42,951 - INFO - Query 3 Result: [(Decimal('100.0000'),)]
2026-02-16 08:31:42,951 - INFO - Executing Query 4: select student_id, score_avg from students order b...
2026-02-16 08:31:42,954 - INFO - Query 4 Result: [(286, 4.25), (98, 4.2), (294, 4.2), (146, 4.175), (54, 4.15)]
2026-02-16 08:31:42,954 - INFO - Executing Query 5: select age_group, count(*) as students, round(avg(...
2026-02-16 08:31:42,959 - INFO - Query 5 Result: [('young_adult', 307, 3.66)]
2026-02-16 08:31:42,959 - INFO - Pipeline completed successfully.
